[ 2016-10-23T14:26:11+08:00 ] 127.0.0.1 /oa/Public/Admin/css/skin.css
INFO: [ app_init ] --START--
INFO: Run Behavior\BuildLiteBehavior [ RunTime:0.000013s ]
INFO: [ app_init ] --END-- [ RunTime:0.000296s ]
INFO: [ app_begin ] --START--
INFO: Run Behavior\ReadHtmlCacheBehavior [ RunTime:0.000578s ]
INFO: [ app_begin ] --END-- [ RunTime:0.000641s ]
ERR: 无法加载控制器:Public

[ 2016-10-23T14:26:11+08:00 ] 127.0.0.1 /oa/Public/Admin/images/mime.gif
INFO: [ app_init ] --START--
INFO: Run Behavior\BuildLiteBehavior [ RunTime:0.000011s ]
INFO: [ app_init ] --END-- [ RunTime:0.000283s ]

[ 2016-10-23T14:26:11+08:00 ] 127.0.0.1 /oa/Public/Admin/images/left_top_right.gif
INFO: [ app_init ] --START--
INFO: Run Behavior\BuildLiteBehavior [ RunTime:0.000019s ]
INFO: [ app_init ] --END-- [ RunTime:0.000427s ]

[ 2016-10-23T14:26:11+08:00 ] 127.0.0.1 /oa/Public/Admin/images/icon_mail.gif
INFO: [ app_init ] --START--
INFO: Run Behavior\BuildLiteBehavior [ RunTime:0.000017s ]
INFO: [ app_init ] --END-- [ RunTime:0.000419s ]

[ 2016-10-23T14:26:11+08:00 ] 127.0.0.1 /oa/Public/Admin/images/buttom_bgs.gif
INFO: [ app_init ] --START--
INFO: Run Behavior\BuildLiteBehavior [ RunTime:0.000017s ]
INFO: [ app_init ] --END-- [ RunTime:0.000369s ]

[ 2016-10-23T14:26:11+08:00 ] 127.0.0.1 /oa/Public/Admin/images/buttom_right.gif
INFO: [ app_init ] --START--
INFO: Run Behavior\BuildLiteBehavior [ RunTime:0.000019s ]
INFO: [ app_init ] --END-- [ RunTime:0.000421s ]

[ 2016-10-23T14:26:11+08:00 ] 127.0.0.1 /oa/Public/Admin/images/nav_right_bg.gif
INFO: [ app_init ] --START--
INFO: Run Behavior\BuildLiteBehavior [ RunTime:0.000017s ]
INFO: [ app_init ] --END-- [ RunTime:0.000424s ]

[ 2016-10-23T14:26:11+08:00 ] 127.0.0.1 /oa/Public/Admin/images/icon_phone.gif
INFO: [ app_init ] --START--
INFO: Run Behavior\BuildLiteBehavior [ RunTime:0.000016s ]
INFO: [ app_init ] --END-- [ RunTime:0.000407s ]

[ 2016-10-23T14:26:11+08:00 ] 127.0.0.1 /oa/Public/Admin/images/buttom_left.gif
INFO: [ app_init ] --START--
INFO: Run Behavior\BuildLiteBehavior [ RunTime:0.000020s ]
INFO: [ app_init ] --END-- [ RunTime:0.000430s ]

[ 2016-10-23T14:26:11+08:00 ] 127.0.0.1 /oa/Public/Admin/images/mail_left_bg.gif
INFO: [ app_init ] --START--
INFO: Run Behavior\BuildLiteBehavior [ RunTime:0.000020s ]
INFO: [ app_init ] --END-- [ RunTime:0.000421s ]

[ 2016-10-23T14:26:11+08:00 ] 127.0.0.1 /oa/Public/Admin/images/mail_right_bg.gif
INFO: [ app_init ] --START--
INFO: Run Behavior\BuildLiteBehavior [ RunTime:0.000020s ]
INFO: [ app_init ] --END-- [ RunTime:0.000385s ]

[ 2016-10-23T14:26:11+08:00 ] 127.0.0.1 /oa/Public/Admin/images/content_bg.gif
INFO: [ app_init ] --START--
INFO: Run Behavior\BuildLiteBehavior [ RunTime:0.000013s ]
INFO: [ app_init ] --END-- [ RunTime:0.000301s ]

[ 2016-10-23T14:26:14+08:00 ] 127.0.0.1 /oa/Public/Admin/css/skin.css
INFO: [ app_init ] --START--
INFO: Run Behavior\BuildLiteBehavior [ RunTime:0.000013s ]
INFO: [ app_init ] --END-- [ RunTime:0.000300s ]
INFO: [ app_begin ] --START--
INFO: Run Behavior\ReadHtmlCacheBehavior [ RunTime:0.000549s ]
INFO: [ app_begin ] --END-- [ RunTime:0.000612s ]
ERR: 无法加载控制器:Public

[ 2016-10-23T14:26:14+08:00 ] 127.0.0.1 /oa/Public/Admin/images/icon_mail.gif
INFO: [ app_init ] --START--
INFO: Run Behavior\BuildLiteBehavior [ RunTime:0.000014s ]
INFO: [ app_init ] --END-- [ RunTime:0.000265s ]

[ 2016-10-23T14:26:14+08:00 ] 127.0.0.1 /oa/Public/Admin/images/mime.gif
INFO: [ app_init ] --START--
INFO: Run Behavior\BuildLiteBehavior [ RunTime:0.000017s ]
INFO: [ app_init ] --END-- [ RunTime:0.000376s ]

[ 2016-10-23T14:26:14+08:00 ] 127.0.0.1 /oa/Public/Admin/images/buttom_bgs.gif
INFO: [ app_init ] --START--
INFO: Run Behavior\BuildLiteBehavior [ RunTime:0.000012s ]
INFO: [ app_init ] --END-- [ RunTime:0.000259s ]

[ 2016-10-23T14:26:14+08:00 ] 127.0.0.1 /oa/Public/Admin/images/buttom_left.gif
INFO: [ app_init ] --START--
INFO: Run Behavior\BuildLiteBehavior [ RunTime:0.000011s ]
INFO: [ app_init ] --END-- [ RunTime:0.000281s ]

[ 2016-10-23T14:26:14+08:00 ] 127.0.0.1 /oa/Public/Admin/images/nav_right_bg.gif
INFO: [ app_init ] --START--
INFO: Run Behavior\BuildLiteBehavior [ RunTime:0.000016s ]
INFO: [ app_init ] --END-- [ RunTime:0.000358s ]

[ 2016-10-23T14:26:14+08:00 ] 127.0.0.1 /oa/Public/Admin/images/buttom_right.gif
INFO: [ app_init ] --START--
INFO: Run Behavior\BuildLiteBehavior [ RunTime:0.000016s ]
INFO: [ app_init ] --END-- [ RunTime:0.000508s ]

[ 2016-10-23T14:26:14+08:00 ] 127.0.0.1 /oa/Public/Admin/images/left_top_right.gif
INFO: [ app_init ] --START--
INFO: Run Behavior\BuildLiteBehavior [ RunTime:0.000012s ]
INFO: [ app_init ] --END-- [ RunTime:0.000292s ]

[ 2016-10-23T14:26:14+08:00 ] 127.0.0.1 /oa/Public/Admin/images/mail_left_bg.gif
INFO: [ app_init ] --START--
INFO: Run Behavior\BuildLiteBehavior [ RunTime:0.000017s ]
INFO: [ app_init ] --END-- [ RunTime:0.000403s ]

[ 2016-10-23T14:26:14+08:00 ] 127.0.0.1 /oa/Public/Admin/images/content_bg.gif
INFO: [ app_init ] --START--
INFO: Run Behavior\BuildLiteBehavior [ RunTime:0.000018s ]
INFO: [ app_init ] --END-- [ RunTime:0.000385s ]

[ 2016-10-23T14:26:14+08:00 ] 127.0.0.1 /oa/Public/Admin/images/mail_right_bg.gif
INFO: [ app_init ] --START--
INFO: Run Behavior\BuildLiteBehavior [ RunTime:0.000013s ]
INFO: [ app_init ] --END-- [ RunTime:0.000269s ]

